Lints for snakefile /home/andrii/Documents/Reana_local/analysis-grand-challenge/analyses/cms-open-data-ttbar/Snakefile:
    * Absolute path "/bin/bash -l && source fix-env.sh && papermill {input} sample1_out.ipynb -p selected_sample {params.selected_sample} -k python3" in line 16:
      Do not define absolute paths inside of the workflow, since this renders your workflow irreproducible on other machines. Use path relative to the working directory instead, or make
      the path configurable via a config file.
      Also see:
      https://snakemake.readthedocs.io/en/latest/snakefiles/configuration.html#configuration
    * Absolute path "/bin/bash -l && source fix-env.sh && papermill {input} sample2_out.ipynb -p selected_sample {params.selected_sample} -k python3" in line 28:
      Do not define absolute paths inside of the workflow, since this renders your workflow irreproducible on other machines. Use path relative to the working directory instead, or make
      the path configurable via a config file.
      Also see:
      https://snakemake.readthedocs.io/en/latest/snakefiles/configuration.html#configuration
    * Absolute path "/bin/bash -l && source fix-env.sh && papermill {input} sample3_out.ipynb -p selected_sample {params.selected_sample} -k python3" in line 40:
      Do not define absolute paths inside of the workflow, since this renders your workflow irreproducible on other machines. Use path relative to the working directory instead, or make
      the path configurable via a config file.
      Also see:
      https://snakemake.readthedocs.io/en/latest/snakefiles/configuration.html#configuration
    * Absolute path "/bin/bash -l && source fix-env.sh && papermill {input} sample4_out.ipynb -p selected_sample {params.selected_sample} -k python3" in line 52:
      Do not define absolute paths inside of the workflow, since this renders your workflow irreproducible on other machines. Use path relative to the working directory instead, or make
      the path configurable via a config file.
      Also see:
      https://snakemake.readthedocs.io/en/latest/snakefiles/configuration.html#configuration
    * Absolute path "/bin/bash -l && source fix-env.sh && papermill {input} sample5_out.ipynb -p selected_sample {params.selected_sample} -k python3" in line 64:
      Do not define absolute paths inside of the workflow, since this renders your workflow irreproducible on other machines. Use path relative to the working directory instead, or make
      the path configurable via a config file.
      Also see:
      https://snakemake.readthedocs.io/en/latest/snakefiles/configuration.html#configuration
    * Absolute path "/bin/bash -l && source fix-env.sh && papermill {input} sample6_out.ipynb -p selected_sample {params.selected_sample} -k python3" in line 76:
      Do not define absolute paths inside of the workflow, since this renders your workflow irreproducible on other machines. Use path relative to the working directory instead, or make
      the path configurable via a config file.
      Also see:
      https://snakemake.readthedocs.io/en/latest/snakefiles/configuration.html#configuration
    * Absolute path "/bin/bash -l && source fix-env.sh && papermill {input} sample7_out.ipynb -p selected_sample {params.selected_sample} -k python3" in line 88:
      Do not define absolute paths inside of the workflow, since this renders your workflow irreproducible on other machines. Use path relative to the working directory instead, or make
      the path configurable via a config file.
      Also see:
      https://snakemake.readthedocs.io/en/latest/snakefiles/configuration.html#configuration
    * Absolute path "/bin/bash -l && source fix-env.sh && papermill {input} sample8_out.ipynb -p selected_sample {params.selected_sample} -k python3" in line 100:
      Do not define absolute paths inside of the workflow, since this renders your workflow irreproducible on other machines. Use path relative to the working directory instead, or make
      the path configurable via a config file.
      Also see:
      https://snakemake.readthedocs.io/en/latest/snakefiles/configuration.html#configuration
    * Absolute path "/bin/bash -l && source fix-env.sh && papermill {input} sample9_out.ipynb -p selected_sample {params.selected_sample} -k python3" in line 112:
      Do not define absolute paths inside of the workflow, since this renders your workflow irreproducible on other machines. Use path relative to the working directory instead, or make
      the path configurable via a config file.
      Also see:
      https://snakemake.readthedocs.io/en/latest/snakefiles/configuration.html#configuration
    * Absolute path "/bin/bash -l && source fix-env.sh && papermill merged.ipynb sample_merged.ipynb -p merged_step {params.merged_step} -k python3" in line 133:
      Do not define absolute paths inside of the workflow, since this renders your workflow irreproducible on other machines. Use path relative to the working directory instead, or make
      the path configurable via a config file.
      Also see:
      https://snakemake.readthedocs.io/en/latest/snakefiles/configuration.html#configuration

Lints for rule ttbar_nominal_sample (line 12, /home/andrii/Documents/Reana_local/analysis-grand-challenge/analyses/cms-open-data-ttbar/Snakefile):
    * No log directive defined:
      Without a log directive, all output will be printed to the terminal. In distributed environments, this means that errors are harder to discover. In local environments, output of
      concurrent jobs will be mixed and become unreadable.
      Also see:
      https://snakemake.readthedocs.io/en/stable/snakefiles/rules.html#log-files

Lints for rule ttbar__scaledown_sample (line 39, /home/andrii/Documents/Reana_local/analysis-grand-challenge/analyses/cms-open-data-ttbar/Snakefile):
    * No log directive defined:
      Without a log directive, all output will be printed to the terminal. In distributed environments, this means that errors are harder to discover. In local environments, output of
      concurrent jobs will be mixed and become unreadable.
      Also see:
      https://snakemake.readthedocs.io/en/stable/snakefiles/rules.html#log-files

Lints for rule ttbar__scaleup_sample (line 66, /home/andrii/Documents/Reana_local/analysis-grand-challenge/analyses/cms-open-data-ttbar/Snakefile):
    * No log directive defined:
      Without a log directive, all output will be printed to the terminal. In distributed environments, this means that errors are harder to discover. In local environments, output of
      concurrent jobs will be mixed and become unreadable.
      Also see:
      https://snakemake.readthedocs.io/en/stable/snakefiles/rules.html#log-files

Lints for rule ttbar__ME_var_sample (line 93, /home/andrii/Documents/Reana_local/analysis-grand-challenge/analyses/cms-open-data-ttbar/Snakefile):
    * No log directive defined:
      Without a log directive, all output will be printed to the terminal. In distributed environments, this means that errors are harder to discover. In local environments, output of
      concurrent jobs will be mixed and become unreadable.
      Also see:
      https://snakemake.readthedocs.io/en/stable/snakefiles/rules.html#log-files

Lints for rule ttbar__PS_var_sample (line 120, /home/andrii/Documents/Reana_local/analysis-grand-challenge/analyses/cms-open-data-ttbar/Snakefile):
    * No log directive defined:
      Without a log directive, all output will be printed to the terminal. In distributed environments, this means that errors are harder to discover. In local environments, output of
      concurrent jobs will be mixed and become unreadable.
      Also see:
      https://snakemake.readthedocs.io/en/stable/snakefiles/rules.html#log-files

Lints for rule single_top_s_chan__nominal_sample (line 147, /home/andrii/Documents/Reana_local/analysis-grand-challenge/analyses/cms-open-data-ttbar/Snakefile):
    * No log directive defined:
      Without a log directive, all output will be printed to the terminal. In distributed environments, this means that errors are harder to discover. In local environments, output of
      concurrent jobs will be mixed and become unreadable.
      Also see:
      https://snakemake.readthedocs.io/en/stable/snakefiles/rules.html#log-files

Lints for rule single_top_t_chan__nominal_sample (line 174, /home/andrii/Documents/Reana_local/analysis-grand-challenge/analyses/cms-open-data-ttbar/Snakefile):
    * No log directive defined:
      Without a log directive, all output will be printed to the terminal. In distributed environments, this means that errors are harder to discover. In local environments, output of
      concurrent jobs will be mixed and become unreadable.
      Also see:
      https://snakemake.readthedocs.io/en/stable/snakefiles/rules.html#log-files

Lints for rule single_top_tW__nominal_sample (line 201, /home/andrii/Documents/Reana_local/analysis-grand-challenge/analyses/cms-open-data-ttbar/Snakefile):
    * No log directive defined:
      Without a log directive, all output will be printed to the terminal. In distributed environments, this means that errors are harder to discover. In local environments, output of
      concurrent jobs will be mixed and become unreadable.
      Also see:
      https://snakemake.readthedocs.io/en/stable/snakefiles/rules.html#log-files

Lints for rule wjets__nominal_sample (line 228, /home/andrii/Documents/Reana_local/analysis-grand-challenge/analyses/cms-open-data-ttbar/Snakefile):
    * No log directive defined:
      Without a log directive, all output will be printed to the terminal. In distributed environments, this means that errors are harder to discover. In local environments, output of
      concurrent jobs will be mixed and become unreadable.
      Also see:
      https://snakemake.readthedocs.io/en/stable/snakefiles/rules.html#log-files

Lints for rule mergred_histograms (line 255, /home/andrii/Documents/Reana_local/analysis-grand-challenge/analyses/cms-open-data-ttbar/Snakefile):
    * No log directive defined:
      Without a log directive, all output will be printed to the terminal. In distributed environments, this means that errors are harder to discover. In local environments, output of
      concurrent jobs will be mixed and become unreadable.
      Also see:
      https://snakemake.readthedocs.io/en/stable/snakefiles/rules.html#log-files

